# JRE version: Java(TM) SE Runtime Environment (8.0_111-b14) (build 1.8.0_111-b14)
# Java VM: Java HotSpot(TM) 64-Bit Server VM (25.111-b14 mixed mode linux-amd64 compressed oops)
Heap:
 garbage-first heap   total 262144K, used 153846K [0x00000000c0000000, 0x00000000c0100800, 0x0000000100000000)
  region size 1024K, 119 young (121856K), 16 survivors (16384K)
 Metaspace       used 51780K, capacity 57180K, committed 57292K, reserved 1099776K
  class space    used 6176K, capacity 7862K, committed 7884K, reserved 1048576K
GC Heap History (10 events):
Event: 0.559 GC heap before
{Heap before GC invocations=0 (full 0):
 garbage-first heap   total 262144K, used 24576K [0x00000000c0000000, 0x00000000c0100800, 0x0000000100000000)
  region size 1024K, 24 young (24576K), 0 survivors (0K)
 Metaspace       used 6823K, capacity 6944K, committed 7168K, reserved 1056768K
  class space    used 721K, capacity 761K, committed 768K, reserved 1048576K
Event: 0.572 GC heap after
Heap after GC invocations=1 (full 0):
 garbage-first heap   total 262144K, used 9861K [0x00000000c0000000, 0x00000000c0100800, 0x0000000100000000)
  region size 1024K, 3 young (3072K), 3 survivors (3072K)
 Metaspace       used 6823K, capacity 6944K, committed 7168K, reserved 1056768K
  class space    used 721K, capacity 761K, committed 768K, reserved 1048576K
}
Event: 0.815 GC heap before
{Heap before GC invocations=1 (full 0):
 garbage-first heap   total 262144K, used 27781K [0x00000000c0000000, 0x00000000c0100800, 0x0000000100000000)
  region size 1024K, 20 young (20480K), 3 survivors (3072K)
 Metaspace       used 8044K, capacity 8128K, committed 8320K, reserved 1056768K
  class space    used 847K, capacity 857K, committed 896K, reserved 1048576K
Event: 0.830 GC heap after
Heap after GC invocations=2 (full 0):
 garbage-first heap   total 262144K, used 22016K [0x00000000c0000000, 0x00000000c0100800, 0x0000000100000000)
  region size 1024K, 2 young (2048K), 2 survivors (2048K)
 Metaspace       used 8044K, capacity 8128K, committed 8320K, reserved 1056768K
  class space    used 847K, capacity 857K, committed 896K, reserved 1048576K
}
Event: 1.125 GC heap before
{Heap before GC invocations=2 (full 0):
 garbage-first heap   total 262144K, used 44544K [0x00000000c0000000, 0x00000000c0100800, 0x0000000100000000)
  region size 1024K, 24 young (24576K), 2 survivors (2048K)
 Metaspace       used 9611K, capacity 10062K, committed 10112K, reserved 1058816K
  class space    used 986K, capacity 1103K, committed 1152K, reserved 1048576K
Event: 1.133 GC heap after
Heap after GC invocations=3 (full 0):
 garbage-first heap   total 262144K, used 28672K [0x00000000c0000000, 0x00000000c0100800, 0x0000000100000000)
  region size 1024K, 2 young (2048K), 2 survivors (2048K)
 Metaspace       used 9611K, capacity 10062K, committed 10112K, reserved 1058816K
  class space    used 986K, capacity 1103K, committed 1152K, reserved 1048576K
}
Event: 1.977 GC heap before
{Heap before GC invocations=3 (full 0):
 garbage-first heap   total 262144K, used 57344K [0x00000000c0000000, 0x00000000c0100800, 0x0000000100000000)
  region size 1024K, 31 young (31744K), 2 survivors (2048K)
 Metaspace       used 19286K, capacity 21108K, committed 21248K, reserved 1069056K
  class space    used 1975K, capacity 2465K, committed 2560K, reserved 1048576K
Event: 1.989 GC heap after
Heap after GC invocations=4 (full 0):
 garbage-first heap   total 262144K, used 37044K [0x00000000c0000000, 0x00000000c0100800, 0x0000000100000000)
  region size 1024K, 7 young (7168K), 7 survivors (7168K)
 Metaspace       used 19286K, capacity 21108K, committed 21248K, reserved 1069056K
  class space    used 1975K, capacity 2465K, committed 2560K, reserved 1048576K
}
Event: 5.993 GC heap before
{Heap before GC invocations=5 (full 0):
 garbage-first heap   total 262144K, used 103625K [0x00000000c0000000, 0x00000000c0100800, 0x0000000100000000)
  region size 1024K, 77 young (78848K), 7 survivors (7168K)
 Metaspace       used 32734K, capacity 35958K, committed 36048K, reserved 1081344K
  class space    used 3919K, capacity 4836K, committed 4864K, reserved 1048576K
Event: 6.014 GC heap after
Heap after GC invocations=6 (full 0):
 garbage-first heap   total 262144K, used 52470K [0x00000000c0000000, 0x00000000c0100800, 0x0000000100000000)
  region size 1024K, 16 young (16384K), 16 survivors (16384K)
 Metaspace       used 32734K, capacity 35958K, committed 36048K, reserved 1081344K
  class space    used 3919K, capacity 4836K, committed 4864K, reserved 1048576K
}

